.......FFFFFFFFFFF                                                       [100%]
================================== FAILURES ===================================
G:\My Projects\WORK\DeltaCrown\.venv\Lib\site-packages\django\db\models\sql\query.py:1349: ValueError: Cannot query "Winner Team": Must be "Team" instance.
G:\My Projects\WORK\DeltaCrown\.venv\Lib\site-packages\django\db\models\sql\query.py:1349: ValueError: Cannot query "Loser Team": Must be "Team" instance.
G:\My Projects\WORK\DeltaCrown\apps\organizations\tests\test_match_integration.py:289: TypeError: MatchResultIntegrator.process_match_result() got an unexpected keyword argument 'winner_id'
G:\My Projects\WORK\DeltaCrown\apps\organizations\tests\test_match_integration.py:308: TypeError: MatchResultIntegrator.process_match_result() got an unexpected keyword argument 'winner_id'
G:\My Projects\WORK\DeltaCrown\apps\organizations\tests\test_match_integration.py:350: TypeError: MatchResultIntegrator.process_match_result() got an unexpected keyword argument 'winner_id'
G:\My Projects\WORK\DeltaCrown\apps\organizations\tests\test_match_integration.py:332: TypeError: MatchResultIntegrator.process_match_result() got an unexpected keyword argument 'winner_id'
G:\My Projects\WORK\DeltaCrown\apps\organizations\tests\test_match_integration.py:251: TypeError: MatchResultIntegrator.process_match_result() got an unexpected keyword argument 'winner_id'
G:\My Projects\WORK\DeltaCrown\apps\organizations\tests\test_match_integration.py:270: TypeError: MatchResultIntegrator.process_match_result() got an unexpected keyword argument 'winner_id'
G:\My Projects\WORK\DeltaCrown\apps\organizations\tests\test_match_integration.py:124: TypeError: MatchResultIntegrator.process_match_result() got an unexpected keyword argument 'winner_id'
G:\My Projects\WORK\DeltaCrown\.venv\Lib\site-packages\django\db\models\sql\query.py:1349: ValueError: Cannot query "Winner Team": Must be "Team" instance.
G:\My Projects\WORK\DeltaCrown\apps\organizations\tests\test_match_integration.py:385: TypeError: MatchResultIntegrator.process_match_result() got an unexpected keyword argument 'winner_id'
============================== warnings summary ===============================
apps\tournaments\models\tournament.py:546
  G:\My Projects\WORK\DeltaCrown\apps\tournaments\models\tournament.py:546: RemovedInDjango60Warning: CheckConstraint.check is deprecated in favor of `.condition`.
    models.CheckConstraint(

apps\tournaments\models\tournament.py:550
  G:\My Projects\WORK\DeltaCrown\apps\tournaments\models\tournament.py:550: RemovedInDjango60Warning: CheckConstraint.check is deprecated in favor of `.condition`.
    models.CheckConstraint(

apps\tournaments\models\registration.py:244
  G:\My Projects\WORK\DeltaCrown\apps\tournaments\models\registration.py:244: RemovedInDjango60Warning: CheckConstraint.check is deprecated in favor of `.condition`.
    models.CheckConstraint(

apps\tournaments\models\registration.py:264
  G:\My Projects\WORK\DeltaCrown\apps\tournaments\models\registration.py:264: RemovedInDjango60Warning: CheckConstraint.check is deprecated in favor of `.condition`.
    models.CheckConstraint(

apps\tournaments\models\registration.py:645
  G:\My Projects\WORK\DeltaCrown\apps\tournaments\models\registration.py:645: RemovedInDjango60Warning: CheckConstraint.check is deprecated in favor of `.condition`.
    models.CheckConstraint(

apps\tournaments\models\registration.py:650
  G:\My Projects\WORK\DeltaCrown\apps\tournaments\models\registration.py:650: RemovedInDjango60Warning: CheckConstraint.check is deprecated in favor of `.condition`.
    models.CheckConstraint(

apps\tournaments\models\registration.py:657
  G:\My Projects\WORK\DeltaCrown\apps\tournaments\models\registration.py:657: RemovedInDjango60Warning: CheckConstraint.check is deprecated in favor of `.condition`.
    models.CheckConstraint(

apps\tournaments\models\registration.py:664
  G:\My Projects\WORK\DeltaCrown\apps\tournaments\models\registration.py:664: RemovedInDjango60Warning: CheckConstraint.check is deprecated in favor of `.condition`.
    models.CheckConstraint(

apps\tournaments\models\bracket.py:391
  G:\My Projects\WORK\DeltaCrown\apps\tournaments\models\bracket.py:391: RemovedInDjango60Warning: CheckConstraint.check is deprecated in favor of `.condition`.
    CheckConstraint(

apps\tournaments\models\bracket.py:396
  G:\My Projects\WORK\DeltaCrown\apps\tournaments\models\bracket.py:396: RemovedInDjango60Warning: CheckConstraint.check is deprecated in favor of `.condition`.
    CheckConstraint(

apps\tournaments\models\bracket.py:401
  G:\My Projects\WORK\DeltaCrown\apps\tournaments\models\bracket.py:401: RemovedInDjango60Warning: CheckConstraint.check is deprecated in favor of `.condition`.
    CheckConstraint(

apps\tournaments\models\match.py:284
  G:\My Projects\WORK\DeltaCrown\apps\tournaments\models\match.py:284: RemovedInDjango60Warning: CheckConstraint.check is deprecated in favor of `.condition`.
    models.CheckConstraint(

apps\tournaments\models\match.py:295
  G:\My Projects\WORK\DeltaCrown\apps\tournaments\models\match.py:295: RemovedInDjango60Warning: CheckConstraint.check is deprecated in favor of `.condition`.
    models.CheckConstraint(

apps\tournaments\models\match.py:300
  G:\My Projects\WORK\DeltaCrown\apps\tournaments\models\match.py:300: RemovedInDjango60Warning: CheckConstraint.check is deprecated in favor of `.condition`.
    models.CheckConstraint(

apps\tournaments\models\match.py:308
  G:\My Projects\WORK\DeltaCrown\apps\tournaments\models\match.py:308: RemovedInDjango60Warning: CheckConstraint.check is deprecated in favor of `.condition`.
    models.CheckConstraint(

apps\tournaments\models\match.py:528
  G:\My Projects\WORK\DeltaCrown\apps\tournaments\models\match.py:528: RemovedInDjango60Warning: CheckConstraint.check is deprecated in favor of `.condition`.
    models.CheckConstraint(

apps\tournaments\models\match.py:538
  G:\My Projects\WORK\DeltaCrown\apps\tournaments\models\match.py:538: RemovedInDjango60Warning: CheckConstraint.check is deprecated in favor of `.condition`.
    models.CheckConstraint(

apps\tournaments\models\result.py:197
  G:\My Projects\WORK\DeltaCrown\apps\tournaments\models\result.py:197: RemovedInDjango60Warning: CheckConstraint.check is deprecated in favor of `.condition`.
    models.CheckConstraint(

apps\tournaments\models\result.py:201
  G:\My Projects\WORK\DeltaCrown\apps\tournaments\models\result.py:201: RemovedInDjango60Warning: CheckConstraint.check is deprecated in favor of `.condition`.
    models.CheckConstraint(

apps\tournaments\models\prize.py:130
  G:\My Projects\WORK\DeltaCrown\apps\tournaments\models\prize.py:130: RemovedInDjango60Warning: CheckConstraint.check is deprecated in favor of `.condition`.
    models.CheckConstraint(

apps\tournaments\models\group.py:116
  G:\My Projects\WORK\DeltaCrown\apps\tournaments\models\group.py:116: RemovedInDjango60Warning: CheckConstraint.check is deprecated in favor of `.condition`.
    CheckConstraint(

apps\tournaments\models\group.py:120
  G:\My Projects\WORK\DeltaCrown\apps\tournaments\models\group.py:120: RemovedInDjango60Warning: CheckConstraint.check is deprecated in favor of `.condition`.
    CheckConstraint(

apps\tournaments\models\group.py:360
  G:\My Projects\WORK\DeltaCrown\apps\tournaments\models\group.py:360: RemovedInDjango60Warning: CheckConstraint.check is deprecated in favor of `.condition`.
    CheckConstraint(

apps\tournaments\models\group.py:496
  G:\My Projects\WORK\DeltaCrown\apps\tournaments\models\group.py:496: RemovedInDjango60Warning: CheckConstraint.check is deprecated in favor of `.condition`.
    CheckConstraint(

apps\tournaments\models\group.py:500
  G:\My Projects\WORK\DeltaCrown\apps\tournaments\models\group.py:500: RemovedInDjango60Warning: CheckConstraint.check is deprecated in favor of `.condition`.
    CheckConstraint(

apps\tournaments\models\group.py:504
  G:\My Projects\WORK\DeltaCrown\apps\tournaments\models\group.py:504: RemovedInDjango60Warning: CheckConstraint.check is deprecated in favor of `.condition`.
    CheckConstraint(

apps\tournaments\models\stage.py:191
  G:\My Projects\WORK\DeltaCrown\apps\tournaments\models\stage.py:191: RemovedInDjango60Warning: CheckConstraint.check is deprecated in favor of `.condition`.
    CheckConstraint(

apps\tournaments\models\stage.py:195
  G:\My Projects\WORK\DeltaCrown\apps\tournaments\models\stage.py:195: RemovedInDjango60Warning: CheckConstraint.check is deprecated in favor of `.condition`.
    CheckConstraint(

apps\tournaments\models\lobby.py:309
  G:\My Projects\WORK\DeltaCrown\apps\tournaments\models\lobby.py:309: RemovedInDjango60Warning: CheckConstraint.check is deprecated in favor of `.condition`.
    CheckConstraint(

apps\user_profile\models_main.py:2548
  G:\My Projects\WORK\DeltaCrown\apps\user_profile\models_main.py:2548: RemovedInDjango60Warning: CheckConstraint.check is deprecated in favor of `.condition`.
    models.CheckConstraint(

apps\user_profile\models\endorsements.py:205
  G:\My Projects\WORK\DeltaCrown\apps\user_profile\models\endorsements.py:205: RemovedInDjango60Warning: CheckConstraint.check is deprecated in favor of `.condition`.
    models.CheckConstraint(

apps\user_profile\models\endorsements.py:210
  G:\My Projects\WORK\DeltaCrown\apps\user_profile\models\endorsements.py:210: RemovedInDjango60Warning: CheckConstraint.check is deprecated in favor of `.condition`.
    models.CheckConstraint(

apps\economy\models.py:335
  G:\My Projects\WORK\DeltaCrown\apps\economy\models.py:335: RemovedInDjango60Warning: CheckConstraint.check is deprecated in favor of `.condition`.
    models.CheckConstraint(

apps\economy\models.py:980
  G:\My Projects\WORK\DeltaCrown\apps\economy\models.py:980: RemovedInDjango60Warning: CheckConstraint.check is deprecated in favor of `.condition`.
    models.CheckConstraint(

apps\moderation\models.py:78
  G:\My Projects\WORK\DeltaCrown\apps\moderation\models.py:78: RemovedInDjango60Warning: CheckConstraint.check is deprecated in favor of `.condition`.
    models.CheckConstraint(

apps\moderation\models.py:210
  G:\My Projects\WORK\DeltaCrown\apps\moderation\models.py:210: RemovedInDjango60Warning: CheckConstraint.check is deprecated in favor of `.condition`.
    models.CheckConstraint(

apps\competition\models\challenge.py:284
  G:\My Projects\WORK\DeltaCrown\apps\competition\models\challenge.py:284: RemovedInDjango60Warning: CheckConstraint.check is deprecated in favor of `.condition`.
    models.CheckConstraint(

.venv\Lib\site-packages\django\db\backends\utils.py:98
  G:\My Projects\WORK\DeltaCrown\.venv\Lib\site-packages\django\db\backends\utils.py:98: RuntimeWarning: Accessing the database during app initialization is discouraged. To fix this warning, avoid executing queries in AppConfig.ready() or when your app modules are imported.
    warnings.warn(self.APPS_NOT_READY_WARNING_MSG, category=RuntimeWarning)

.venv\Lib\site-packages\django\db\models\fields\__init__.py:1148
  G:\My Projects\WORK\DeltaCrown\.venv\Lib\site-packages\django\db\models\fields\__init__.py:1148: RemovedInDjango60Warning: The default scheme will be changed from 'http' to 'https' in Django 6.0. Pass the forms.URLField.assume_scheme argument to silence this warning, or set the FORMS_URLFIELD_ASSUME_HTTPS transitional setting to True to opt into using 'https' as the new default scheme.
    return form_class(**defaults)

.venv\Lib\site-packages\PyPDF2\__init__.py:21
  G:\My Projects\WORK\DeltaCrown\.venv\Lib\site-packages\PyPDF2\__init__.py:21: DeprecationWarning: PyPDF2 is deprecated. Please move to the pypdf library instead.
    warnings.warn(

-- Docs: https://docs.pytest.org/en/stable/how-to/capture-warnings.html
=========================== short test summary info ===========================
FAILED apps/organizations/tests/test_match_integration.py::TestMatchResultIntegrator::test_process_match_result_detects_hot_streak
FAILED apps/organizations/tests/test_match_integration.py::TestMatchResultIntegrator::test_process_match_result_detects_tier_changes
FAILED apps/organizations/tests/test_match_integration.py::TestMatchResultIntegrator::test_process_match_result_handles_missing_team_gracefully
FAILED apps/organizations/tests/test_match_integration.py::TestMatchResultIntegrator::test_process_match_result_handles_ranking_service_errors
FAILED apps/organizations/tests/test_match_integration.py::TestMatchResultIntegrator::test_process_match_result_meets_latency_target
FAILED apps/organizations/tests/test_match_integration.py::TestMatchResultIntegrator::test_process_match_result_meets_query_budget
FAILED apps/organizations/tests/test_match_integration.py::TestMatchResultIntegrator::test_process_match_result_skips_mixed_matches
FAILED apps/organizations/tests/test_match_integration.py::TestMatchResultIntegrator::test_process_match_result_skips_neither_vnext
FAILED apps/organizations/tests/test_match_integration.py::TestMatchResultIntegrator::test_process_match_result_skips_when_disabled
FAILED apps/organizations/tests/test_match_integration.py::TestMatchResultIntegrator::test_process_match_result_updates_vnext_rankings
FAILED apps/organizations/tests/test_match_integration.py::TestMatchIntegrationEndToEnd::test_multiple_matches_update_rankings_correctly
11 failed, 7 passed, 40 warnings in 2.74s
